[Sun Apr 12 05:24:20 CST 2026] Waiting for overnight batch (pid 25969)...
[Sun Apr 12 05:47:57 CST 2026] Overnight done. Starting V7-AUDIO-001...
[1/7] Generating shared Seg1 (text-to-video)...

============================================================
[GROUP A] Full audio strip
============================================================
[CMD] ffmpeg -y -i /Users/ahzhu_agent/trinity-v7-consistency/experiments/exp-v7-audio-001/group-a/seg1.mp4 -an -c:v...
[GROUP A] Seg1 uploaded: http://tmpfiles.org/dl/33129008/seg1-stripped.mp4
[GROUP A] Generating Seg2...
[CMD] ffmpeg -y -i /Users/ahzhu_agent/trinity-v7-consistency/experiments/exp-v7-audio-001/group-a/seg2.mp4 -an -c:v...
[GROUP A] Seg2 uploaded: http://tmpfiles.org/dl/33129819/seg2-stripped.mp4
[GROUP A] Generating Seg3...
[GROUP A] Concatenating...
[CMD] ffmpeg -y -f concat -safe 0...
[GROUP A] Audio checks...
[GROUP A] Audio corr: seg1→2=0.0201, seg2→3=0.0043
[GROUP A] Done! Final: /Users/ahzhu_agent/trinity-v7-consistency/experiments/exp-v7-audio-001/group-a/final-group-a.mp4

============================================================
[GROUP B] Keep last 3s audio
============================================================
[CMD] ffmpeg -y -i /Users/ahzhu_agent/trinity-v7-consistency/experiments/exp-v7-audio-001/group-b/seg1.mp4 -af volume=enable='lt(t,12.069002)':volume=0...
[GROUP B] Seg1 uploaded: http://tmpfiles.org/dl/33130517/seg1-tail3s.mp4
[GROUP B] Generating Seg2...
[CMD] ffmpeg -y -i /Users/ahzhu_agent/trinity-v7-consistency/experiments/exp-v7-audio-001/group-b/seg2.mp4 -af volume=enable='lt(t,12.069002)':volume=0...
[GROUP B] Seg2 uploaded: http://tmpfiles.org/dl/33131274/seg2-tail3s.mp4
[GROUP B] Generating Seg3...
[GROUP B] Concatenating...
[CMD] ffmpeg -y -f concat -safe 0...
[GROUP B] Audio checks...
[GROUP B] Audio corr: seg1→2=0.0021, seg2→3=0.0088
[GROUP B] Done! Final: /Users/ahzhu_agent/trinity-v7-consistency/experiments/exp-v7-audio-001/group-b/final-group-b.mp4

============================================================
[GROUP C] No strip (raw)
============================================================
[GROUP C] Seg1 uploaded: http://tmpfiles.org/dl/33131866/seg1.mp4
[GROUP C] Generating Seg2...
