=== V7-076 Runner: Waiting for seg1 ===
  Waiting for seg1...
  Waiting for seg1...
  Waiting for seg1...
  Waiting for seg1...
  Waiting for seg1...
  Waiting for seg1...
  Waiting for seg1...
  Waiting for seg1...
  Waiting for seg1...
  Waiting for seg1...
  Waiting for seg1...
  Waiting for seg1...
  Waiting for seg1...
  Waiting for seg1...
  Waiting for seg1...
  Waiting for seg1...
  Waiting for seg1...
  Waiting for seg1...
  Waiting for seg1...
  Waiting for seg1...
  Waiting for seg1...
  Waiting for seg1...
  Waiting for seg1...
  Waiting for seg1...
  Waiting for seg1...
  Waiting for seg1...
  Waiting for seg1...
✓ seg1 ready
✓ seg1 audio stripped
[V7-076] Generating seg2 (extend from seg1)...
  Stripping audio from seg1-noaudio.mp4 to prevent audio leak...
  Uploading seg1-noaudio-noaudio.mp4 to tmpfiles.org...
  → http://tmpfiles.org/dl/33131963/seg1-noaudio-noaudio.mp4
  Seedance: seg2.mp4 (prompt: Continuation of previous scene. The woman lifts the lid of the ornate box with both hands. A soft golden glow emanates f...)
