Installed 27 packages in 29ms

--- Step 1: Generate Anime Assets ---
  Generating: 主角 portrait
  → Saved: /Users/ahzhu_agent/trinity-v7-consistency/experiments/exp-v7-023/output/shared-assets/anime/char-主角.webp (50KB)
  Generating: scene-dorm
  → Saved: /Users/ahzhu_agent/trinity-v7-consistency/experiments/exp-v7-023/output/shared-assets/anime/scene-dorm.webp (78KB)
  ✓ Git pushed: [operator] EXP-V7-023: anime assets generated

############################################################
TRUE CONCURRENT DUAL-TRACK: anime + realistic Seg1 simultaneously
############################################################

  [anime] === Seg1: 宿舍觉醒 ===

  [realistic] === Seg1: 宿舍觉醒 ===
  [segment-01.mp4] Calling Seedance... (timeout 1800s)
  Prompt: Live-action cinematic scene. 2005 Chinese university dormitory, winter afternoon. Warm natural light filtering through old curtains.
One character: Ch...
  Uploading /Users/ahzhu_agent/trinity-v7-consistency/experiments/exp-v7-023/output/shared-assets/anime/char-主角.webp to tmpfiles.org...
  → Uploaded: http://tmpfiles.org/dl/32942442/char-.webp
  Uploading /Users/ahzhu_agent/trinity-v7-consistency/experiments/exp-v7-023/output/shared-assets/anime/scene-dorm.webp to tmpfiles.org...
  → Uploaded: http://tmpfiles.org/dl/32942445/scene-dorm.webp
  [segment-01.mp4] Calling Seedance... (timeout 1800s)
  Prompt: @image1 is character 主角: 中国男性，22岁，175cm，偏瘦短发黑色，穿旧灰色卫衣和深蓝运动裤白色运动鞋，面容年轻清瘦 @image2 is the 2005 university dormitory scene

Anime-style animated scene, 20...
  ✓ Generated: /Users/ahzhu_agent/trinity-v7-consistency/experiments/exp-v7-023/output/anime/segment-01.mp4

  [anime] === Seg2: 走廊布局 (video extension) ===
  Uploading /Users/ahzhu_agent/trinity-v7-consistency/experiments/exp-v7-023/output/anime/segment-01.mp4 to tmpfiles.org...
  ✓ Generated: /Users/ahzhu_agent/trinity-v7-consistency/experiments/exp-v7-023/output/realistic/segment-01.mp4

  [realistic] === Seg2: 走廊布局 (video extension) ===
  Uploading /Users/ahzhu_agent/trinity-v7-consistency/experiments/exp-v7-023/output/realistic/segment-01.mp4 to tmpfiles.org...
  → Uploaded: http://tmpfiles.org/dl/32943403/segment-01.mp4
  [segment-02.mp4] Calling Seedance... (timeout 1800s)
  Prompt: Extend @video1 by 15 seconds. Anime-style animation.
Scene transitions from university dormitory room to dormitory hallway of the same building. Same ...
  → Uploaded: http://tmpfiles.org/dl/32943412/segment-01.mp4
  [segment-02.mp4] Calling Seedance... (timeout 1800s)
  Prompt: Extend @video1 by 15 seconds. Live-action cinematic.
Scene transitions from university dormitory room to dormitory hallway of the same building. Same ...
  ✓ Generated: /Users/ahzhu_agent/trinity-v7-consistency/experiments/exp-v7-023/output/anime/segment-02.mp4
  ✓ Seg1 audio OK: a=15.1s v=15.0s
  ✓ Seg2 audio OK: a=15.1s v=15.0s
  ✓ [anime] Final: /Users/ahzhu_agent/trinity-v7-consistency/experiments/exp-v7-023/output/anime/final-30s.mp4 (a=30.2s v=30.1s)
  ✓ Generated: /Users/ahzhu_agent/trinity-v7-consistency/experiments/exp-v7-023/output/realistic/segment-02.mp4
  ✓ Seg1 audio OK: a=15.1s v=15.0s
  ✓ Seg2 audio OK: a=15.1s v=15.0s
  ✓ [realistic] Final: /Users/ahzhu_agent/trinity-v7-consistency/experiments/exp-v7-023/output/realistic/final-30s.mp4 (a=30.2s v=30.1s)
  ✓ Git pushed: [operator] EXP-V7-023: SUCCESS

============================================================
EXP-V7-023 COMPLETE: SUCCESS
  anime: SUCCESS (821s)
  realistic: SUCCESS (1072s)
Log: /Users/ahzhu_agent/trinity-v7-consistency/experiments/exp-v7-023/generation-log.json
============================================================
